[debug] [2023-10-02T18:09:17.062Z] ----------------------------------------------------------------------
[debug] [2023-10-02T18:09:17.064Z] Command:       D:\nodejs\node.exe C:\Users\meena\AppData\Roaming\npm\node_modules\firebase-tools\lib\bin\firebase.js init
[debug] [2023-10-02T18:09:17.065Z] CLI Version:   12.6.1
[debug] [2023-10-02T18:09:17.066Z] Platform:      win32
[debug] [2023-10-02T18:09:17.066Z] Node Version:  v18.12.1
[debug] [2023-10-02T18:09:17.067Z] Time:          Mon Oct 02 2023 23:39:17 GMT+0530 (India Standard Time)
[debug] [2023-10-02T18:09:17.068Z] ----------------------------------------------------------------------
[debug] 
[debug] [2023-10-02T18:09:17.074Z] > command requires scopes: ["email","openid","https://www.googleapis.com/auth/cloudplatformprojects.readonly","https://www.googleapis.com/auth/firebase","https://www.googleapis.com/auth/cloud-platform"]
[debug] [2023-10-02T18:09:17.074Z] > authorizing via signed-in user (bltapacc0219@gmail.com)
[info] 
     ######## #### ########  ######## ########     ###     ######  ########
     ##        ##  ##     ## ##       ##     ##  ##   ##  ##       ##
     ######    ##  ########  ######   ########  #########  ######  ######
     ##        ##  ##    ##  ##       ##     ## ##     ##       ## ##
     ##       #### ##     ## ######## ########  ##     ##  ######  ########

You're about to initialize a Firebase project in this directory:

  C:\Users\meena\OneDrive\Desktop\expense-tracker\expense-tracker

[info] 
=== Project Setup
[info] 
[info] First, let's associate this project directory with a Firebase project.
[info] You can create multiple project aliases by running firebase use --add, 
[info] but for now we'll just set up a default project.
[info] 
[debug] [2023-10-02T18:09:24.904Z] >>> [apiv2][query] GET https://firebase.googleapis.com/v1beta1/projects pageSize=100
[debug] [2023-10-02T18:09:26.396Z] <<< [apiv2][status] GET https://firebase.googleapis.com/v1beta1/projects 200
[debug] [2023-10-02T18:09:26.396Z] <<< [apiv2][body] GET https://firebase.googleapis.com/v1beta1/projects [omitted]
[info] i  Using project expense-tracker-e17cd (expense-tracker) 
[info] 
=== Hosting Setup
[info] 
[info] Your public directory is the folder (relative to your project directory) that
[info] will contain Hosting assets to be uploaded with firebase deploy. If you
[info] have a build process for your assets, use your build's output directory.
[info] 
[debug] [2023-10-02T18:09:37.696Z] >>> [apiv2][query] GET https://www.gstatic.com/firebasejs/releases.json [none]
[debug] [2023-10-02T18:09:37.847Z] <<< [apiv2][status] GET https://www.gstatic.com/firebasejs/releases.json 200
[debug] [2023-10-02T18:09:37.848Z] <<< [apiv2][body] GET https://www.gstatic.com/firebasejs/releases.json {"current":{"version":"10.4.0","browserURL":"https://www.gstatic.com/firebasejs/10.4.0/firebase.js","packageURL":"https://www.gstatic.com/firebasejs/10.4.0/firebase.tgz"},"live":{"version":"10.4","browserURL":"https://www.gstatic.com/firebasejs/live/10.4/firebase.js","packageURL":"https://www.gstatic.com/firebasejs/live/10.4/firebase.tgz"},"components":{"analytics":"https://www.gstatic.com/firebasejs/10.4.0/firebase-analytics.js","app":"https://www.gstatic.com/firebasejs/10.4.0/firebase-app.js","app-check":"https://www.gstatic.com/firebasejs/10.4.0/firebase-app-check.js","auth":"https://www.gstatic.com/firebasejs/10.4.0/firebase-auth.js","auth/cordova":"https://www.gstatic.com/firebasejs/10.4.0/firebase-auth/cordova.js","functions":"https://www.gstatic.com/firebasejs/10.4.0/firebase-functions.js","firestore":"https://www.gstatic.com/firebasejs/10.4.0/firebase-firestore.js","firestore/lite":"https://www.gstatic.com/firebasejs/10.4.0/firebase-firestore/lite.js","installations":"https://www.gstatic.com/firebasejs/10.4.0/firebase-installations.js","storage":"https://www.gstatic.com/firebasejs/10.4.0/firebase-storage.js","performance":"https://www.gstatic.com/firebasejs/10.4.0/firebase-performance.js","remote-config":"https://www.gstatic.com/firebasejs/10.4.0/firebase-remote-config.js","messaging":"https://www.gstatic.com/firebasejs/10.4.0/firebase-messaging.js","messaging/sw":"https://www.gstatic.com/firebasejs/10.4.0/firebase-messaging/sw.js","database":"https://www.gstatic.com/firebasejs/10.4.0/firebase-database.js","firestore.memory":"https://www.gstatic.com/firebasejs/10.4.0/firebase-firestore.memory.js"}}
[info] i  Skipping write of public/index.html 
[info] 
[info] i  Detected a .git folder at C:\Users\meena\OneDrive\Desktop\expense-tracker 
[info] i  Authorizing with GitHub to upload your service account to a GitHub repository's secrets store. 
[info] 
[info] Visit this URL on this device to log in:
[info] https://github.com/login/oauth/authorize?client_id=89cf50f02ac6aaed3484&state=837499361&redirect_uri=http%3A%2F%2Flocalhost%3A9005&scope=read%3Auser%20repo%20public_repo
[info] 
[info] Waiting for authentication...
[debug] [2023-10-02T18:10:25.198Z] >>> [apiv2][query] POST https://github.com/login/oauth/access_token [none]
[debug] [2023-10-02T18:10:25.198Z] >>> [apiv2][body] POST https://github.com/login/oauth/access_token [stream]
[debug] [2023-10-02T18:10:25.596Z] <<< [apiv2][status] POST https://github.com/login/oauth/access_token 200
[debug] [2023-10-02T18:10:25.596Z] <<< [apiv2][body] POST https://github.com/login/oauth/access_token {"access_token":"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","token_type":"bearer","scope":"read:user,repo"}
[debug] [2023-10-02T18:10:25.603Z] >>> [apiv2][query] GET https://api.github.com/user [none]
[debug] [2023-10-02T18:10:26.018Z] <<< [apiv2][status] GET https://api.github.com/user 200
[debug] [2023-10-02T18:10:26.019Z] <<< [apiv2][body] GET https://api.github.com/user {"login":"Meenakshi2002","id":82953232,"node_id":"MDQ6VXNlcjgyOTUzMjMy","avatar_url":"https://avatars.githubusercontent.com/u/82953232?v=4","gravatar_id":"","url":"https://api.github.com/users/Meenakshi2002","html_url":"https://github.com/Meenakshi2002","followers_url":"https://api.github.com/users/Meenakshi2002/followers","following_url":"https://api.github.com/users/Meenakshi2002/following{/other_user}","gists_url":"https://api.github.com/users/Meenakshi2002/gists{/gist_id}","starred_url":"https://api.github.com/users/Meenakshi2002/starred{/owner}{/repo}","subscriptions_url":"https://api.github.com/users/Meenakshi2002/subscriptions","organizations_url":"https://api.github.com/users/Meenakshi2002/orgs","repos_url":"https://api.github.com/users/Meenakshi2002/repos","events_url":"https://api.github.com/users/Meenakshi2002/events{/privacy}","received_events_url":"https://api.github.com/users/Meenakshi2002/received_events","type":"User","site_admin":false,"name":null,"company":null,"blog":"","location":null,"email":null,"hireable":null,"bio":null,"twitter_username":null,"public_repos":7,"public_gists":0,"followers":5,"following":5,"created_at":"2021-04-21T13:31:46Z","updated_at":"2023-08-12T15:26:10Z","private_gists":0,"total_private_repos":13,"owned_private_repos":13,"disk_usage":7985,"collaborators":0,"two_factor_authentication":false,"plan":{"name":"free","space":976562499,"collaborators":0,"private_repos":10000}}
[info] 
[info] +  Success! Logged into GitHub as Meenakshi2002 
[info] 
